0.0138888888888889 0.874528163429539
0.0277777777777778 0.785307372404155
0.0416666666666667 0.71201324975399
0.0555555555555555 0.650516110728497
0.0694444444444444 0.598185227960751
0.0833333333333333 0.55309554150917
0.0972222222222222 0.513821686077061
0.111111111111111 0.479286103257828
0.125 0.448659574231225
0.138888888888889 0.421294231597543
0.152777777777778 0.396677043356516
0.166666666666667 0.374396763995554
0.180555555555556 0.354120045580818
0.194444444444444 0.335573915024959
0.208333333333333 0.318532745755277
0.222222222222222 0.302808446480347
0.236111111111111 0.288242983330239
0.25 0.274702616006366
0.263888888888889 0.262073408282599
0.277777777777778 0.250257696843232
0.291666666666667 0.239171288572212
0.305555555555556 0.228741217139912
0.319444444444444 0.218903933068675
0.333333333333333 0.209603832732527
0.347222222222222 0.200792054561617
0.361111111111111 0.192425487538123
0.375 0.18446594958523
0.388888888888889 0.176879502850409
0.402777777777778 0.16963588000574
0.416666666666667 0.16270800112734
0.430555555555556 0.156071564903525
0.444444444444444 0.149704701168095
0.458333333333333 0.143587674290661
0.472222222222222 0.13770262894835
0.486111111111111 0.132033371379829
0.5 0.126565180476181
0.513888888888889 0.121284644066838
0.527777777777778 0.116179516565729
0.541666666666667 0.11123859479556
0.555555555555556 0.10645160933852
0.569444444444444 0.101809129194523
0.583333333333333 0.0973024778831527
0.597222222222222 0.0929236594177585
0.611111111111111 0.088665292822076
0.625 0.0845205540600491
0.638888888888889 0.0804831244170501
0.652777777777778 0.0765471445101945
0.666666666666667 0.0727071732228868
0.680555555555556 0.0689581509571968
0.694444444444444 0.0652953666810591
0.708333333333333 0.0617144283174414
0.722222222222222 0.0582112360827902
0.736111111111111 0.0547819584321479
0.75 0.051423010311899
0.763888888888889 0.0481310334581142
0.777777777777778 0.0449028785098288
0.791666666666667 0.0417355887354354
0.805555555555556 0.0386263851960045
0.819444444444445 0.0355726531964984
0.833333333333333 0.0325719299075561
0.847222222222222 0.02962189308371
0.861111111111111 0.0267203508690961
0.875 0.0238652327830041
0.888888888888889 0.0210545821312208
0.902777777777778 0.0182865503054319
0.916666666666667 0.0155593936991727
0.930555555555555 0.0128714742126579
0.944444444444444 0.0102212644067501
0.958333333333333 0.00760735764305354
0.972222222222222 0.00502848756980145
