0.015625 0.931912529598268
0.0312499999999999 0.875089480154269
0.046875 0.824151531100078
0.0625 0.77802702458588
0.0781249999999999 0.736016138963955
0.0937499999999999 0.697558631772915
0.109375 0.662197385861986
0.125 0.629551567834904
0.140625 0.599299970077936
0.15625 0.571169501670334
0.171875 0.544926559204767
0.1875 0.520370252625182
0.203125 0.497326970278468
0.21875 0.475645971020239
0.234375 0.455195785474353
0.25 0.435861262543378
0.265625 0.417541133829119
0.28125 0.400145995695611
0.296875 0.383596629539105
0.3125 0.367822597096356
0.328125 0.352761060393715
0.34375 0.338355785990361
0.359375 0.324556301094002
0.375 0.311317175391873
0.390625 0.298597407404141
0.40625 0.286359898115705
0.421875 0.274570997793891
0.4375 0.263200114425392
0.453125 0.252219374238351
0.46875 0.241603326418054
0.484375 0.23132868545746
0.5 0.221374105670035
0.515625 0.21171998328103
0.53125 0.202348282243582
0.546875 0.19324238052808
0.5625 0.184386934131862
0.578125 0.17576775647051
0.59375 0.167371711157514
0.609375 0.159186616468057
0.625 0.151201160025042
0.640625 0.143404822450186
0.65625 0.135787808894782
0.671875 0.12834098751095
0.6875 0.121055834047923
0.703125 0.1139243818627
0.71875 0.106939176724286
0.734375 0.100093235867021
0.75 0.0933800108148247
0.765625 0.0867933535564785
0.78125 0.0803274857066655
0.796875 0.0739769703428761
0.8125 0.0677366862746975
0.828125 0.0616018045915634
0.84375 0.0555677674705929
0.859375 0.049630269436774
0.875 0.0437852415871165
0.890625 0.0380288397402084
0.90625 0.0323574380262964
0.921875 0.0267676299398545
0.9375 0.0212562390597432
0.953125 0.0158203401378676
0.96875 0.0104572996227154
