0.0208333333333332 0.956573443869758
0.0416666666666666 0.916666235377123
0.0624999999999999 0.878805064263
0.0833333333333332 0.842732017563034
0.104166666666667 0.808285109477059
0.125 0.775329702184812
0.145833333333333 0.743750278057918
0.166666666666667 0.713444648834906
0.1875 0.684320984340907
0.208333333333333 0.656296113179676
0.229166666666667 0.629294391651908
0.25 0.603246843604393
0.270833333333333 0.578090449766228
0.291666666666667 0.553767535155864
0.3125 0.530225230714819
0.333333333333333 0.507414996297416
0.354166666666667 0.485292196629847
0.375 0.463815723820864
0.395833333333333 0.442947661024825
0.416666666666667 0.422652982523629
0.4375 0.402899286024636
0.458333333333333 0.383656553440185
0.479166666666667 0.364896936838998
0.5 0.346594566646276
0.520833333333333 0.328725379516756
0.541666666666667 0.311266963615465
0.5625 0.294198419314413
0.583333333333333 0.277500233554491
0.604166666666667 0.261154166331573
0.625 0.245143147948862
0.645833333333333 0.229451185836843
0.666666666666667 0.214063279881753
0.6875 0.198965345328586
0.708333333333333 0.184144142442836
0.729166666666667 0.169587212238062
0.75 0.155282817723305
0.770833333333333 0.141219890328065
0.791666666666667 0.127387981470206
0.8125 0.113777219713397
0.833333333333333 0.100378274690317
0.854166666666667 0.0871823299989261
0.875 0.0741810685456407
0.895833333333333 0.0613666749720365
0.916666666666667 0.0487318602209053
0.9375 0.036269909850975
0.958333333333333 0.0239747769128706
